\BOOKMARK [0][-]{chapter.1}{Enteros y Naturales}{}% 1
\BOOKMARK [1][-]{section.1.1}{Principio de Buen Orden}{chapter.1}% 2
\BOOKMARK [0][-]{chapter.2}{Divisibilidad}{}% 3
\BOOKMARK [1][-]{section.2.1}{Algoritmo de Divisi\363n}{chapter.2}% 4
\BOOKMARK [2][-]{subsection.2.1.1}{Par e Inpar}{section.2.1}% 5
\BOOKMARK [1][-]{section.2.2}{Divisibilidad}{chapter.2}% 6
\BOOKMARK [2][-]{subsection.2.2.1}{Ejemplos}{section.2.2}% 7
\BOOKMARK [2][-]{subsection.2.2.2}{Propiedades de Divisilibidad}{section.2.2}% 8
\BOOKMARK [1][-]{section.2.3}{M\341ximo Com\372n Divisor: GCD/MCD}{chapter.2}% 9
\BOOKMARK [2][-]{subsection.2.3.1}{Propiedades de MCD/GCD}{section.2.3}% 10
\BOOKMARK [2][-]{subsection.2.3.2}{Identidad de Bezout}{section.2.3}% 11
\BOOKMARK [2][-]{subsection.2.3.3}{Propiedades de MCD/GCD: Bezout Edition}{section.2.3}% 12
\BOOKMARK [2][-]{subsection.2.3.4}{Primos Relativos}{section.2.3}% 13
\BOOKMARK [1][-]{section.2.4}{Algor\355tmo de Euclides}{chapter.2}% 14
\BOOKMARK [2][-]{subsection.2.4.1}{Como Aplicarlo}{section.2.4}% 15
\BOOKMARK [2][-]{subsection.2.4.2}{Ejemplo}{section.2.4}% 16
\BOOKMARK [2][-]{subsection.2.4.3}{Algor\355tmo Extendido de Euclides}{section.2.4}% 17
\BOOKMARK [2][-]{subsection.2.4.4}{Ejemplo}{section.2.4}% 18
\BOOKMARK [1][-]{section.2.5}{M\355nimo Com\372n M\372ltiplo: MCM/LCM}{chapter.2}% 19
\BOOKMARK [2][-]{subsection.2.5.1}{Propiedades de MCM/LCM}{section.2.5}% 20
\BOOKMARK [1][-]{section.2.6}{Ecuaciones Diofanticas}{chapter.2}% 21
\BOOKMARK [2][-]{subsection.2.6.1}{Soluciones}{section.2.6}% 22
\BOOKMARK [2][-]{subsection.2.6.2}{Soluciones Generales}{section.2.6}% 23
\BOOKMARK [0][-]{chapter.3}{N\372meros Primos}{}% 24
\BOOKMARK [1][-]{section.3.1}{Definici\363n}{chapter.3}% 25
\BOOKMARK [1][-]{section.3.2}{Proposiciones Importantes}{chapter.3}% 26
\BOOKMARK [1][-]{section.3.3}{Como Saber si n `39`42`"613A``45`47`"603AP}{chapter.3}% 27
\BOOKMARK [2][-]{subsection.3.3.1}{Fuerza Bruta Inteligente}{section.3.3}% 28
\BOOKMARK [1][-]{section.3.4}{Teorema Fundamental de la Aritm\351tica}{chapter.3}% 29
\BOOKMARK [0][-]{chapter.4}{Combinatoria}{}% 30
\BOOKMARK [1][-]{section.4.1}{Definici\363n}{chapter.4}% 31
