\BOOKMARK [0][-]{chapter.1}{Proposiciones y Conectores}{}% 1
\BOOKMARK [1][-]{section.1.1}{Proposiciones}{chapter.1}% 2
\BOOKMARK [2][-]{subsection.1.1.1}{Teoremas, Colorario y Tautol\363gias}{section.1.1}% 3
\BOOKMARK [1][-]{section.1.2}{Conectores L\363gicos}{chapter.1}% 4
\BOOKMARK [2][-]{subsection.1.2.1}{Negaci\363n}{section.1.2}% 5
\BOOKMARK [2][-]{subsection.1.2.2}{Conjunci\363n}{section.1.2}% 6
\BOOKMARK [2][-]{subsection.1.2.3}{Disyunci\363n}{section.1.2}% 7
\BOOKMARK [2][-]{subsection.1.2.4}{Implicaci\363n}{section.1.2}% 8
\BOOKMARK [2][-]{subsection.1.2.5}{Bicondicional}{section.1.2}% 9
\BOOKMARK [1][-]{section.1.3}{Equivalente L\363gico}{chapter.1}% 10
\BOOKMARK [1][-]{section.1.4}{Leyes de L\363gica}{chapter.1}% 11
\BOOKMARK [0][-]{chapter.2}{Inferencias L\363gicas}{}% 12
\BOOKMARK [1][-]{section.2.1}{Inferencias L\363gicas}{chapter.2}% 13
\BOOKMARK [2][-]{subsection.2.1.1}{Inferencias B\341sicas}{section.2.1}% 14
\BOOKMARK [1][-]{section.2.2}{Reglas de Inferencias}{chapter.2}% 15
\BOOKMARK [0][-]{chapter.3}{Cuantificadores L\363gicos}{}% 16
\BOOKMARK [1][-]{section.3.1}{Cuantificadores}{chapter.3}% 17
\BOOKMARK [2][-]{subsection.3.1.1}{Cuantificador Universal}{section.3.1}% 18
\BOOKMARK [2][-]{subsection.3.1.2}{Cuantificador Existencial}{section.3.1}% 19
\BOOKMARK [1][-]{section.3.2}{Leyes de Cuantificadores}{chapter.3}% 20
