\BOOKMARK [0][-]{chapter.1}{Principios B\341sicos}{}% 1
\BOOKMARK [1][-]{section.1.1}{Definici\363n}{chapter.1}% 2
\BOOKMARK [1][-]{section.1.2}{\277C\363mo Definirlo?}{chapter.1}% 3
\BOOKMARK [2][-]{subsection.1.2.1}{Pertencia}{section.1.2}% 4
\BOOKMARK [2][-]{subsection.1.2.2}{Notaci\363n B\341sica}{section.1.2}% 5
\BOOKMARK [2][-]{subsection.1.2.3}{Notaci\363n Formal}{section.1.2}% 6
\BOOKMARK [2][-]{subsection.1.2.4}{Ejemplos}{section.1.2}% 7
\BOOKMARK [1][-]{section.1.3}{Clasificaci\363n}{chapter.1}% 8
\BOOKMARK [1][-]{section.1.4}{Conjunto Vac\355o}{chapter.1}% 9
\BOOKMARK [1][-]{section.1.5}{Conjunto Universo}{chapter.1}% 10
\BOOKMARK [0][-]{chapter.2}{\301lgebra y Operaciones}{}% 11
\BOOKMARK [1][-]{section.2.1}{Relaciones}{chapter.2}% 12
\BOOKMARK [2][-]{subsection.2.1.1}{Equivalencia}{section.2.1}% 13
\BOOKMARK [2][-]{subsection.2.1.2}{Subconjuntos}{section.2.1}% 14
\BOOKMARK [1][-]{section.2.2}{Operaciones}{chapter.2}% 15
\BOOKMARK [2][-]{subsection.2.2.1}{Intersecci\363n}{section.2.2}% 16
\BOOKMARK [2][-]{subsection.2.2.2}{Uni\363n}{section.2.2}% 17
\BOOKMARK [2][-]{subsection.2.2.3}{Complemento}{section.2.2}% 18
\BOOKMARK [2][-]{subsection.2.2.4}{Resta}{section.2.2}% 19
\BOOKMARK [2][-]{subsection.2.2.5}{Diferencia Sim\351trica}{section.2.2}% 20
\BOOKMARK [1][-]{section.2.3}{Cardinalidad}{chapter.2}% 21
