\BOOKMARK [0][-]{chapter.1}{Relaciones}{}% 1
\BOOKMARK [1][-]{section.1.1}{Definici\363n}{chapter.1}% 2
\BOOKMARK [1][-]{section.1.2}{Dominio, Contradominio e Imagen}{chapter.1}% 3
\BOOKMARK [1][-]{section.1.3}{Relaci\363n Inversa}{chapter.1}% 4
\BOOKMARK [1][-]{section.1.4}{Reflexiva, Sim\351trica y Transitiva}{chapter.1}% 5
\BOOKMARK [2][-]{subsection.1.4.1}{Reflexiva}{section.1.4}% 6
\BOOKMARK [2][-]{subsection.1.4.2}{Sim\351trica}{section.1.4}% 7
\BOOKMARK [2][-]{subsection.1.4.3}{Transitiva}{section.1.4}% 8
\BOOKMARK [2][-]{subsection.1.4.4}{Relaci\363n de Equivalencia}{section.1.4}% 9
\BOOKMARK [0][-]{chapter.2}{Funciones}{}% 10
\BOOKMARK [1][-]{section.2.1}{Definici\363n}{chapter.2}% 11
\BOOKMARK [1][-]{section.2.2}{Dominio e Imagen}{chapter.2}% 12
\BOOKMARK [1][-]{section.2.3}{Inyectivas, Suprayectivas y Biyectivas}{chapter.2}% 13
\BOOKMARK [2][-]{subsection.2.3.1}{Biyectiva}{section.2.3}% 14
\BOOKMARK [2][-]{subsection.2.3.2}{Funciones Inyectivas}{section.2.3}% 15
\BOOKMARK [2][-]{subsection.2.3.3}{Suprayectivas}{section.2.3}% 16
\BOOKMARK [2][-]{subsection.2.3.4}{Principio del Palomar}{section.2.3}% 17
\BOOKMARK [1][-]{section.2.4}{Funci\363n Inversa}{chapter.2}% 18
\BOOKMARK [1][-]{section.2.5}{Imag\351n y Preimagen}{chapter.2}% 19
\BOOKMARK [1][-]{section.2.6}{Cardinalidad y Funciones}{chapter.2}% 20
